<?xml version="1.0" encoding="UTF-8"?>
<testsuite xmlns:xsi="http://www.w3.org/2001/XMLSchema-instance" xsi:noNamespaceSchemaLocation="https://maven.apache.org/surefire/maven-surefire-plugin/xsd/surefire-test-report.xsd" version="3.0.2" name="com.example.hello_api.HelloApiApplicationTests" time="3.444" tests="1" errors="0" skipped="0" failures="0">
  <properties>
[...]
</properties>
  <testcase name="contextLoads" classname="com.example.hello_api.HelloApiApplicationTests" time="0.892">
    <system-out><![CDATA[17:55:13.763 [main] INFO org.springframework.test.context.support.AnnotationConfigContextLoaderUtils -- Could not detect default configuration classes for test class [com.example.hello_api.HelloApiApplicationTests]: HelloApiApplicationTests does not declare any static, non-private, non-final, nested classes annotated with @Configuration.
17:55:13.890 [main] INFO org.springframework.boot.test.context.SpringBootTestContextBootstrapper -- Found @SpringBootConfiguration com.example.hello_api.HelloApiApplication for test class com.example.hello_api.HelloApiApplicationTests

  .   ____          _            __ _ _
 /\\ / ___'_ __ _ _(_)_ __  __ _ \ \ \ \
( ( )\___ | '_ | '_| | '_ \/ _` | \ \ \ \
 \\/  ___)| |_)| | | | | || (_| |  ) ) ) )
  '  |____| .__|_| |_|_| |_\__, | / / / /
 =========|_|==============|___/=/_/_/_/

 :: Spring Boot ::                (v3.4.1)

2025-01-06T17:55:14.657+05:30  INFO 1448 --- [hello-api] [           main] c.e.hello_api.HelloApiApplicationTests   : Starting HelloApiApplicationTests using Java 22.0.1 with PID 1448 (started by PHYCOM in C:\Users\PHYCOM\OneDrive\Desktop\rushan\hello-api\hello-api)
2025-01-06T17:55:14.660+05:30  INFO 1448 --- [hello-api] [           main] c.e.hello_api.HelloApiApplicationTests   : No active profile set, falling back to 1 default profile: "default"
2025-01-06T17:55:16.077+05:30  INFO 1448 --- [hello-api] [           main] c.e.hello_api.HelloApiApplicationTests   : Started HelloApiApplicationTests in 1.975 seconds (process running for 3.162)
]]></system-out>
    <system-err><![CDATA[Mockito is currently self-attaching to enable the inline-mock-maker. This will no longer work in future releases of the JDK. Please add Mockito as an agent to your build what is described in Mockito's documentation: https://javadoc.io/doc/org.mockito/mockito-core/latest/org/mockito/Mockito.html#0.3
WARNING: A Java agent has been loaded dynamically (C:\Users\PHYCOM\.m2\repository\net\bytebuddy\byte-buddy-agent\1.15.11\byte-buddy-agent-1.15.11.jar)
WARNING: If a serviceability tool is in use, please run with -XX:+EnableDynamicAgentLoading to hide this warning
WARNING: If a serviceability tool is not in use, please run with -Djdk.instrument.traceUsage for more information
WARNING: Dynamic loading of agents will be disallowed by default in a future release
]]></system-err>
  </testcase>
</testsuite>